make.exe all --print-data-base --no-builtin-variables --no-builtin-rules --question
# GNU Make 4.3
# Built for x86_64-pc-msys
# Copyright (C) 1988-2020 Free Software Foundation, Inc.
# License GPLv3+: GNU GPL version 3 or later <http://gnu.org/licenses/gpl.html>
# This is free software: you are free to change and redistribute it.
# There is NO WARRANTY, to the extent permitted by law.

# Make data base, printed on Fri May 20 22:24:00 2022

# Variables

# environment
FPS_BROWSER_APP_PROFILE_STRING = Internet Explorer
# makefile (from 'Makefile', line 39)
MAKEROM = C:/devkitpro/tools/bin/makerom.exe
# environment
SYSTEMDRIVE = C:
# environment
JAVA_HOME = C:\Program Files\Eclipse Adoptium\jdk-11.0.15.10-hotspot\
# makefile (from '/opt/devkitpro/devkitARM/base_rules', line 6)
PORTLIBS_PATH := /opt/devkitpro/portlibs
# makefile (from '/opt/devkitpro/devkitARM/base_tools', line 23)
AS := arm-none-eabi-as
# makefile (from 'Makefile', line 120)
OUTPUT := /home/Tobi/DevHelper/DevHelper
# environment
LC_ALL = C
# makefile (from '/opt/devkitpro/devkitARM/base_tools', line 24)
AR := arm-none-eabi-gcc-ar
# makefile (from 'Makefile', line 158)
ROMFS_T3XFILES := 
# environment
USERPROFILE = C:\Users\Tobi
# makefile (from 'Makefile', line 169)
OFILES :=    log.o renderd7.o sound.o Clock.o Time.o lang.o thread.o lodepng.o cia.o download.o main.o nightlyreader.o scenes.o fs.o 
# environment
LOCALAPPDATA = C:\Users\Tobi\AppData\Local
# environment
VSCODE_IPC_HOOK_EXTHOST = \\.\pipe\vscode-ipc-486e22e8-1be8-49cb-b2d9-d62a656cd724-sock
# makefile (from 'Makefile', line 123)
VPATH := /home/Tobi/DevHelper/RenderD7 /home/Tobi/DevHelper/RenderD7/internal /home/Tobi/DevHelper/RenderD7/external /home/Tobi/DevHelper/RenderD7/external/tween-engine/include/ /home/Tobi/DevHelper/RenderD7/external/tween-engine/include/TweenEngine /home/Tobi/DevHelper/RenderD7/external/tween-engine/source /home/Tobi/DevHelper/source /home/Tobi/DevHelper/source/qr /home/Tobi/DevHelper/gfx /home/Tobi/DevHelper/data
# makefile (from 'Makefile', line 129)
CFILES :=   fs.c     
# environment
VSCODE_CWD = C:\Users\Tobi\AppData\Local\Programs\Microsoft VS Code
# makefile (from 'Makefile', line 40)
BANNERTOOL = C:/devkitpro/tools/bin/bannertool.exe
# environment
SYSTEMROOT = C:\Windows
# makefile (from 'Makefile', line 104)
LIBS := -lcurl -lmbedtls -lmbedx509 -lmbedcrypto -lbz2 -llzma -lz -lstdc++ -lm -lcitro2d -lcitro3d -lctru
# makefile (from '/opt/devkitpro/devkitARM/base_tools', line 43)
SILENTMSG := @echo
# environment
PROCESSOR_LEVEL = 25
# environment
PSMODULEPATH = C:\Program Files\WindowsPowerShell\Modules;C:\Windows\system32\WindowsPowerShell\v1.0\Modules
# default
MAKE_COMMAND := make
# makefile (from 'Makefile', line 166)
OFILES_BIN := $(subst ,,  )
# automatic
@D = $(patsubst %/,%,$(dir $@))
# environment
CHROME_CRASHPAD_PIPE_NAME = \\.\pipe\crashpad_5484_ZEFMNVNSVMIILQRN
# makefile (from 'Makefile', line 130)
CPPFILES := log.cpp renderd7.cpp sound.cpp Clock.cpp Time.cpp lang.cpp thread.cpp lodepng.cpp    cia.cpp download.cpp main.cpp nightlyreader.cpp scenes.cpp 
# environment
FPS_BROWSER_USER_PROFILE_STRING = Default
# environment
VSCODE_HANDLES_UNCAUGHT_ERRORS = true
# default
.VARIABLES := 
# automatic
%D = $(patsubst %/,%,$(dir $%))
# automatic
^D = $(patsubst %/,%,$(dir $^))
# environment
VSCODE_LOG_STACK = false
# automatic
%F = $(notdir $%)
# environment
VSCODE_CODE_CACHE_PATH = C:\Users\Tobi\AppData\Roaming\Code\CachedData\c3511e6c69bb39013c4a4b7b9566ec1ca73fc4d5
# environment
LANG = C
# default
.LOADED := 
# environment
TMP = /home/Tobi/AppData/Local/Temp
# default
.INCLUDE_DIRS = /usr/include /usr/include
# makefile
MAKEFLAGS = pqrR
# makefile (from 'Makefile', line 131)
SFILES := $(subst ,,       )
# makefile (from 'Makefile', line 80)
ICON := app/icon.png
# environment
ONEDRIVE = C:\Users\Tobi\OneDrive
# environment
DEVKITARM = /opt/devkitpro/devkitARM
# makefile
CURDIR := /home/Tobi/DevHelper
# environment
VSCODE_PIPE_LOGGING = true
# environment
APPLICATION_INSIGHTS_NO_DIAGNOSTIC_CHANNEL = 1
# automatic
*D = $(patsubst %/,%,$(dir $*))
# makefile (from 'Makefile', line 127)
DEPSDIR := /home/Tobi/DevHelper/build
# environment
PROGRAMFILES = C:\Program Files
# environment
MFLAGS = -pqrR
# default
.SHELLFLAGS := -c
# environment
!C: = c:\Users\Tobi\DevHelper
# environment
COMMONPROGRAMW6432 = C:\Program Files\Common Files
# automatic
+D = $(patsubst %/,%,$(dir $+))
# makefile (from 'Makefile', line 200)
_3DSXFLAGS = --smdh=$(CURDIR)/$(TARGET).smdh --romfs=$(CURDIR)/$(ROMFS)
# makefile (from '/opt/devkitpro/devkitARM/base_tools', line 1)
MAKEFILE_LIST := Makefile /opt/devkitpro/devkitARM/3ds_rules /opt/devkitpro/devkitARM/base_rules /opt/devkitpro/devkitARM/base_tools
# makefile (from 'Makefile', line 101)
ASFLAGS := -g -march=armv6k -mtune=mpcore -mfloat-abi=hard -mtp=soft
# automatic
@F = $(notdir $@)
# environment
VSCODE_VERBOSE_LOGGING = true
# environment
VSCODE_PID = 5484
# automatic
?D = $(patsubst %/,%,$(dir $?))
# makefile (from '/opt/devkitpro/devkitARM/base_tools', line 28)
RANLIB := arm-none-eabi-gcc-ranlib
# environment
DEVKITPPC = /opt/devkitpro/devkitPPC
# makefile (from 'Makefile', line 171)
HFILES := $(subst ,,  )
# makefile (from 'Makefile', line 78)
APP_AUTHOR := NPI-D7
# makefile (from 'Makefile', line 73)
INCLUDES := RenderD7 RenderD7/internal RenderD7/external RenderD7/external/tween-engine/include/ RenderD7/external/tween-engine/include/TweenEngine RenderD7/external/tween-engine/source source source/qr 
# automatic
*F = $(notdir $*)
# automatic
<D = $(patsubst %/,%,$(dir $<))
# makefile (from 'Makefile', line 59)
VERSION_MAJOR := 1
# environment
VSCODE_NLS_CONFIG = {"locale":"de","availableLanguages":{"*":"de"},"_languagePackId":"76abe230f76758c10463f0219f362aef.de","_translationsConfigFile":"C:\\Users\\Tobi\\AppData\\Roaming\\Code\\clp\\76abe230f76758c10463f0219f362aef.de\\tcf.json","_cacheRoot":"C:\\Users\\Tobi\\AppData\\Roaming\\Code\\clp\\76abe230f76758c10463f0219f362aef.de","_resolvedLanguagePackCoreLocation":"C:\\Users\\Tobi\\AppData\\Roaming\\Code\\clp\\76abe230f76758c10463f0219f362aef.de\\c3511e6c69bb39013c4a4b7b9566ec1ca73fc4d5","_corruptedFile":"C:\\Users\\Tobi\\AppData\\Roaming\\Code\\clp\\76abe230f76758c10463f0219f362aef.de\\corrupted.info","_languagePackSupport":true}
# makefile (from 'Makefile', line 192)
APP_ICON := /home/Tobi/DevHelper/app/icon.png
# makefile (from '/opt/devkitpro/devkitARM/3ds_rules', line 11)
CTRULIB = $(DEVKITPRO)/libctru
# makefile (from 'Makefile', line 174)
INCLUDE := -I/home/Tobi/DevHelper/RenderD7 -I/home/Tobi/DevHelper/RenderD7/internal -I/home/Tobi/DevHelper/RenderD7/external -I/home/Tobi/DevHelper/RenderD7/external/tween-engine/include/ -I/home/Tobi/DevHelper/RenderD7/external/tween-engine/include/TweenEngine -I/home/Tobi/DevHelper/RenderD7/external/tween-engine/source -I/home/Tobi/DevHelper/source -I/home/Tobi/DevHelper/source/qr -I/opt/devkitpro/portlibs/3ds/include -I/opt/devkitpro/libctru/include -I/home/Tobi/DevHelper/RenderD7/external/tween-engine//include -I/home/Tobi/DevHelper/build
# default
MAKE_HOST := x86_64-pc-msys
# environment
PROGRAMDATA = C:\ProgramData
# default
SHELL := /bin/sh
# environment
HOMEPATH = \Users\Tobi
# default
MAKECMDGOALS := all
# makefile (from 'Makefile', line 164)
OFILES_SOURCES := log.o renderd7.o sound.o Clock.o Time.o lang.o thread.o lodepng.o cia.o download.o main.o nightlyreader.o scenes.o fs.o 
# environment
DRIVERDATA = C:\Windows\System32\Drivers\DriverData
# environment
COMSPEC = C:\Windows\system32\cmd.exe
# environment
WINDIR = C:\Windows
# makefile (from 'Makefile', line 135)
BINFILES := 
# environment
MAKELEVEL := 0
# makefile (from 'Makefile', line 178)
LIBPATHS := -L/opt/devkitpro/portlibs/3ds/lib -L/opt/devkitpro/libctru/lib -L/home/Tobi/DevHelper/RenderD7/external/tween-engine//lib
# default
MAKE = $(MAKE_COMMAND)
# makefile (from 'Makefile', line 133)
SHLISTFILES := $(subst ,,       )
# makefile (from '/opt/devkitpro/devkitARM/3ds_rules', line 9)
PATH := /opt/devkitpro/portlibs/3ds/bin:/opt/devkitpro/tools/bin:/opt/devkitpro/devkitARM/bin:/c/Program Files/Eclipse Adoptium/jdk-11.0.15.10-hotspot/bin:/opt/devkitpro/msys2/usr/bin:/c/Windows/system32:/c/Windows:/c/Windows/System32/Wbem:/c/Windows/System32/WindowsPowerShell/v1.0:/c/Windows/System32/OpenSSH:/c/Program Files/Git/cmd:/opt/devkitpro/tools/bin:/c/Program Files/CMake/bin:/c/Program Files/Meson:/opt/devkitpro/devkitARM/bin:/home/Tobi/vcpkg:/home/Tobi/Documents/jdk-17.0.2/bin:/home/Tobi/AppData/Local/Programs/Python/Python310/Scripts:/home/Tobi/AppData/Local/Programs/Python/Python310:/home/Tobi/AppData/Local/Microsoft/WindowsApps:/home/Tobi/AppData/Local/Programs/Microsoft VS Code/bin:/home/Tobi/AppData/Local/GitHubDesktop/bin
# environment
COMPUTERNAME = PC
# default
MAKEFILES := 
# makefile (from 'Makefile', line 81)
BNR_IMAGE := app/banner.png
# automatic
^F = $(notdir $^)
# makefile (from '/opt/devkitpro/devkitARM/base_tools', line 5)
UNAME_R := 3.3.4-341.x86_64
# environment
PROMPT = $P$G
# makefile (from 'Makefile', line 61)
VERSION_MINOR := 0
# makefile (from '/opt/devkitpro/devkitARM/base_tools', line 19)
PREFIX := arm-none-eabi-
# makefile (from 'Makefile', line 110)
LIBDIRS := /opt/devkitpro/portlibs/3ds /opt/devkitpro/libctru /home/Tobi/DevHelper/RenderD7/external/tween-engine/
# environment
LOGONSERVER = \\PC
# environment
VSCODE_LOG_NATIVE = false
# environment
USERNAME = Tobi
# environment
COMMONPROGRAMFILES = C:\Program Files\Common Files
# automatic
?F = $(notdir $?)
# makefile (from '/opt/devkitpro/devkitARM/base_tools', line 50)
bin2o = 	bin2s -a 4 -H `(echo $(<F) | tr . _)`.h $< | $(AS) -o $(<F).o
# environment
PROGRAMW6432 = C:\Program Files
# environment
DEVKITPRO = /opt/devkitpro
# makefile (from '/opt/devkitpro/devkitARM/base_tools', line 4)
UNAME_S := MSYS_NT-10.0-19044
# environment
PATHEXT = .COM;.EXE;.BAT;.CMD;.VBS;.VBE;.JS;.JSE;.WSF;.WSH;.MSC
# automatic
+F = $(notdir $+)
# environment
ORIGINAL_XDG_CURRENT_DESKTOP = undefined
# environment
USERDOMAIN = PC
# 'override' directive
GNUMAKEFLAGS := 
# environment
OS = Windows_NT
# makefile (from 'Makefile', line 132)
PICAFILES := $(subst ,,       )
# makefile
.DEFAULT_GOAL := all
# makefile (from 'Makefile', line 90)
ARCH := -march=armv6k -mtune=mpcore -mfloat-abi=hard -mtp=soft
# makefile (from 'Makefile', line 79)
APP_DESCRIPTION := NPI-D7 fast dev apps updeter.
# default
MAKE_VERSION := 4.3
# makefile (from 'Makefile', line 69)
LIBTWEEN := /home/Tobi/DevHelper/RenderD7/external/tween-engine/
# 'override' directive
.SHELLSTATUS := 0
# makefile (from '/opt/devkitpro/devkitARM/base_tools', line 44)
SILENTCMD := @
# environment
PROGRAMFILES(X86) = C:\Program Files (x86)
# makefile (from 'Makefile', line 68)
BUILD := build
# makefile (from 'Makefile', line 121)
TOPDIR := /home/Tobi/DevHelper
# makefile (from 'Makefile', line 77)
GFXBUILD := romfs/gfx
# makefile (from 'Makefile', line 102)
LDFLAGS = -specs=3dsx.specs -g $(ARCH) -Wl,-Map,$(notdir $*.map)
# environment
USERDOMAIN_ROAMINGPROFILE = PC
# environment
NUMBER_OF_PROCESSORS = 12
# makefile (from '/opt/devkitpro/devkitARM/base_tools', line 30)
ISVC = $(or $(VCBUILDHELPER_COMMAND),$(MSBUILDEXTENSIONSPATH32),$(MSBUILDEXTENSIONSPATH))
# makefile (from 'Makefile', line 86)
IP := 192.168.2.130
# environment
PUBLIC = C:\Users\Public
# makefile (from 'Makefile', line 82)
BNR_AUDIO := app/BannerAudio.wav
# environment
APPDATA = C:\Users\Tobi\AppData\Roaming
# makefile (from 'Makefile', line 97)
CFLAGS := -g -Wall -Wno-psabi -O2 -mword-relocations -DV_STRING=\"a97a8b1\" -fomit-frame-pointer -ffunction-sections -march=armv6k -mtune=mpcore -mfloat-abi=hard -mtp=soft  -D__3DS__ -D_GNU_SOURCE=1
# environment
HOMEDRIVE = C:
# makefile (from 'Makefile', line 70)
UNIVCORE := RenderD7 RenderD7/internal RenderD7/external RenderD7/external/tween-engine/include/ RenderD7/external/tween-engine/include/TweenEngine RenderD7/external/tween-engine/source
# environment
PROCESSOR_ARCHITECTURE = AMD64
# environment
VSCODE_AMD_ENTRYPOINT = vs/workbench/api/node/extensionHostProcess
# environment
HOME = /home/Tobi
# environment
COMMONPROGRAMFILES(X86) = C:\Program Files (x86)\Common Files
# makefile (from '/opt/devkitpro/devkitARM/base_tools', line 13)
DEVKITPATH = $(shell echo "$(DEVKITPRO)" | sed -e 's/^\([a-zA-Z]\):/\/\1/')
# makefile (from '/opt/devkitpro/devkitARM/3ds_rules', line 7)
PORTLIBS := /opt/devkitpro/portlibs/3ds
# makefile (from 'Makefile', line 63)
VERSION_MICRO := 0
# environment
ELECTRON_RUN_AS_NODE = 1
# environment
TEMP = /home/Tobi/AppData/Local/Temp
# environment
VSCODE_IPC_HOOK = \\.\pipe\8a33a0d379aadca85b3e7306d64b2615-1.67.2-main-sock
# environment
TERM = xterm-256color
# makefile (from '/opt/devkitpro/devkitARM/base_tools', line 27)
NM := arm-none-eabi-gcc-nm
# makefile (from 'Makefile', line 83)
RSF_FILE := app/build-cia.rsf
# default
.RECIPEPREFIX := 
# automatic
<F = $(notdir $<)
# makefile (from 'Makefile', line 134)
GFXFILES := 
# makefile (from 'Makefile', line 76)
ROMFS := romfs
# default
SUFFIXES := 
# environment
ALLUSERSPROFILE = C:\ProgramData
# makefile (from 'Makefile', line 67)
TARGET := DevHelper
# makefile (from 'Makefile', line 146)
LD := arm-none-eabi-g++
# environment
SESSIONNAME = Console
# makefile (from 'Makefile', line 52)
GIT_VER := a97a8b1
# makefile (from 'Makefile', line 99)
CXXFLAGS := -g -Wall -Wno-psabi -O2 -mword-relocations -DV_STRING=\"a97a8b1\" -fomit-frame-pointer -ffunction-sections -march=armv6k -mtune=mpcore -mfloat-abi=hard -mtp=soft  -D__3DS__ -D_GNU_SOURCE=1 -fno-rtti -fno-exceptions -std=gnu++20 
# makefile (from '/opt/devkitpro/devkitARM/base_tools', line 26)
STRIP := arm-none-eabi-strip
# default
.FEATURES := target-specific order-only second-expansion else-if shortest-stem undefine oneshell nocomment grouped-target extra-prereqs archives jobserver output-sync check-symlink load
# environment
PROCESSOR_REVISION = 2100
# makefile (from '/opt/devkitpro/devkitARM/base_tools', line 22)
CXX := arm-none-eabi-g++
# makefile (from '/opt/devkitpro/devkitARM/base_tools', line 21)
CC := arm-none-eabi-gcc
# makefile (from '/opt/devkitpro/devkitARM/base_tools', line 25)
OBJCOPY := arm-none-eabi-objcopy
# makefile (from 'Makefile', line 159)
T3XHFILES := 
# makefile (from 'Makefile', line 71)
SOURCES := RenderD7 RenderD7/internal RenderD7/external RenderD7/external/tween-engine/include/ RenderD7/external/tween-engine/include/TweenEngine RenderD7/external/tween-engine/source source source/qr 
# makefile (from '/opt/devkitpro/devkitARM/3ds_rules', line 14)
APP_TITLE := 
# makefile (from 'Makefile', line 72)
DATA := data
# makefile (from 'Makefile', line 74)
GRAPHICS := gfx
# makefile (from 'Makefile', line 180)
_3DSXDEPS := /home/Tobi/DevHelper/DevHelper.smdh
# environment
PROCESSOR_IDENTIFIER = AMD64 Family 25 Model 33 Stepping 0, AuthenticAMD
# variable set hash-table stats:
# Load=174/1024=17%, Rehash=0, Collisions=38/379=10%

# Pattern-specific Variable Values

# No pattern-specific variable values.

# Directories

# RenderD7/external/tween-engine/include/: could not be stat'd.
# /home/Tobi/DevHelper/RenderD7/external/tween-engine/source: could not be stat'd.
# /home/Tobi/DevHelper/RenderD7 (device 1820687712, inode 562949953843047): 18 files, no impossibilities.
# /home/Tobi/DevHelper/gfx (device 1820687712, inode 562949953843055): 3 files, no impossibilities.
# RenderD7/external (device 1820687712, inode 562949953895473): 9 files, no impossibilities.
# /home/Tobi/DevHelper/RenderD7/external/tween-engine/include/TweenEngine: could not be stat'd.
# /home/Tobi/DevHelper/source/qr: could not be stat'd.
# /home/Tobi/DevHelper/source (device 1820687712, inode 562949953843060): 11 files, no impossibilities.
# RenderD7 (device 1820687712, inode 562949953843047): 18 files, no impossibilities.
# /home/Tobi/DevHelper/data: could not be stat'd.
# . (device 1820687712, inode 5629499534634602): 15 files, no impossibilities.
# source/qr: could not be stat'd.
# RenderD7/external/tween-engine/include/TweenEngine: could not be stat'd.
# source (device 1820687712, inode 562949953843060): 11 files, no impossibilities.
# data: could not be stat'd.
# gfx (device 1820687712, inode 562949953843055): 3 files, no impossibilities.
# /home/Tobi/DevHelper/RenderD7/internal (device 1820687712, inode 562949953895484): 15 files, no impossibilities.
# /home/Tobi/DevHelper/RenderD7/external (device 1820687712, inode 562949953895473): 9 files, no impossibilities.
# RenderD7/external/tween-engine/source: could not be stat'd.
# RenderD7/internal (device 1820687712, inode 562949953895484): 15 files, no impossibilities.
# /home/Tobi/DevHelper/RenderD7/external/tween-engine/include: could not be stat'd.

# 127 files, no impossibilities in 21 directories.

# Implicit Rules

%.a:
#  recipe to execute (from '/opt/devkitpro/devkitARM/base_rules', line 12):
	$(SILENTMSG) $(notdir $@)
	@rm -f $@
	$(SILENTCMD)$(AR) -rc $@ $^

%.arm.o: %.arm.cpp
#  recipe to execute (from '/opt/devkitpro/devkitARM/base_rules', line 18):
	$(SILENTMSG) $(notdir $<)
	$(SILENTCMD)$(CXX) -MMD -MP -MF $(DEPSDIR)/$*.arm.d $(CXXFLAGS) -marm -c $< -o $@ $(ERROR_FILTER)

%.arm.o: %.arm.c
#  recipe to execute (from '/opt/devkitpro/devkitARM/base_rules', line 23):
	$(SILENTMSG) $(notdir $<)
	$(SILENTCMD)$(CC) -MMD -MP -MF $(DEPSDIR)/$*.arm.d $(CFLAGS) -marm -c $< -o $@ $(ERROR_FILTER)

%.arm.o: %.arm.m
#  recipe to execute (from '/opt/devkitpro/devkitARM/base_rules', line 28):
	$(SILENTMSG) $(notdir $<)
	$(SILENTCMD)$(CC) -MMD -MP -MF $(DEPSDIR)/$*.arm.d $(OBJCFLAGS) -marm -c $< -o $@ $(ERROR_FILTER)

%.thumb.o: %.thumb.cpp
#  recipe to execute (from '/opt/devkitpro/devkitARM/base_rules', line 33):
	$(SILENTMSG) $(notdir $<)
	$(SILENTCMD)$(CXX) -MMD -MP -MF $(DEPSDIR)/$*.thumb.d $(CXXFLAGS) -mthumb -c $< -o $@ $(ERROR_FILTER)

%.thumb.o: %.thumb.c
#  recipe to execute (from '/opt/devkitpro/devkitARM/base_rules', line 38):
	$(SILENTMSG) $(notdir $<)
	$(SILENTCMD)$(CC) -MMD -MP -MF $(DEPSDIR)/$*.thumb.d $(CFLAGS) -mthumb -c $< -o $@ $(ERROR_FILTER)

%.thumb.o: %.thumb.m
#  recipe to execute (from '/opt/devkitpro/devkitARM/base_rules', line 43):
	$(SILENTMSG) $(notdir $<)
	$(SILENTCMD)$(CC) -MMD -MP -MF $(DEPSDIR)/$*.thumb.d $(OBJCFLAGS) -mthumb -c $< -o $@ $(ERROR_FILTER)

%.iwram.o: %.iwram.cpp
#  recipe to execute (from '/opt/devkitpro/devkitARM/base_rules', line 48):
	$(SILENTMSG) $(notdir $<)
	$(SILENTCMD)$(CXX) -MMD -MP -MF $(DEPSDIR)/$*.iwram.d $(CXXFLAGS) -marm -mlong-calls -c $< -o $@ $(ERROR_FILTER)

%.iwram.o: %.iwram.c
#  recipe to execute (from '/opt/devkitpro/devkitARM/base_rules', line 53):
	$(SILENTMSG) $(notdir $<)
	$(SILENTCMD)$(CC) -MMD -MP -MF $(DEPSDIR)/$*.iwram.d $(CFLAGS) -marm -mlong-calls -c $< -o $@ $(ERROR_FILTER)

%.iwram.o: %.iwram.m
#  recipe to execute (from '/opt/devkitpro/devkitARM/base_rules', line 58):
	$(SILENTMSG) $(notdir $<)
	$(SILENTCMD)$(CC) -MMD -MP -MF $(DEPSDIR)/$*.iwram.d $(OBJCFLAGS) -marm -mlong-calls -c $< -o $@ $(ERROR_FILTER)

%.itcm.o: %.itcm.cpp
#  recipe to execute (from '/opt/devkitpro/devkitARM/base_rules', line 63):
	$(SILENTMSG) $(notdir $<)
	$(SILENTCMD)$(CXX) -MMD -MP -MF $(DEPSDIR)/$*.itcm.d $(CXXFLAGS) -marm -mlong-calls -c $< -o $@ $(ERROR_FILTER)

%.itcm.o: %.itcm.c
#  recipe to execute (from '/opt/devkitpro/devkitARM/base_rules', line 68):
	$(SILENTMSG) $(notdir $<)
	$(SILENTCMD)$(CC) -MMD -MP -MF $(DEPSDIR)/$*.itcm.d $(CFLAGS) -marm -mlong-calls -c $< -o $@ $(ERROR_FILTER)

%.itcm.o: %.itcm.m
#  recipe to execute (from '/opt/devkitpro/devkitARM/base_rules', line 73):
	$(SILENTMSG) $(notdir $<)
	$(SILENTCMD)$(CC) -MMD -MP -MF $(DEPSDIR)/$*.itcm.d $(OBJCFLAGS) -marm -mlong-calls -c $< -o $@ $(ERROR_FILTER)

%.o: %.cpp
#  recipe to execute (from '/opt/devkitpro/devkitARM/base_rules', line 79):
	$(SILENTMSG) $(notdir $<)
	$(SILENTCMD)$(CXX) -MMD -MP -MF $(DEPSDIR)/$*.d $(CXXFLAGS) -c $< -o $@ $(ERROR_FILTER)

%.o: %.c
#  recipe to execute (from '/opt/devkitpro/devkitARM/base_rules', line 84):
	$(SILENTMSG) $(notdir $<)
	$(SILENTCMD)$(CC) -MMD -MP -MF $(DEPSDIR)/$*.d $(CFLAGS) -c $< -o $@ $(ERROR_FILTER)

%.o: %.m
#  recipe to execute (from '/opt/devkitpro/devkitARM/base_rules', line 89):
	$(SILENTMSG) $(notdir $<)
	$(SILENTCMD)$(CC) -MMD -MP -MF $(DEPSDIR)/$*.d $(OBJCFLAGS) -c $< -o $@ $(ERROR_FILTER)

%.o: %.s
#  recipe to execute (from '/opt/devkitpro/devkitARM/base_rules', line 94):
 
	$(SILENTMSG) $(notdir $<)
	$(SILENTCMD)$(CC) -MMD -MP -MF $(DEPSDIR)/$*.d -x assembler-with-cpp $(ASFLAGS) -c $< -o $@ $(ERROR_FILTER)

%.o: %.S
#  recipe to execute (from '/opt/devkitpro/devkitARM/base_rules', line 99):
	$(SILENTMSG) $(notdir $<)
	$(SILENTCMD)$(CC) -MMD -MP -MF $(DEPSDIR)/$*.d -x assembler-with-cpp $(ASFLAGS) -c $< -o $@ $(ERROR_FILTER)

%.smdh: /opt/devkitpro/libctru/default_icon.png Makefile /opt/devkitpro/devkitARM/3ds_rules /opt/devkitpro/devkitARM/base_rules /opt/devkitpro/devkitARM/base_tools
#  recipe to execute (from '/opt/devkitpro/devkitARM/3ds_rules', line 31):
	$(SILENTCMD)smdhtool --create "$(APP_TITLE)" "$(APP_DESCRIPTION)" "$(APP_AUTHOR)" $(APP_ICON) $@
	$(SILENTMSG) built ... $(notdir $@)

%.3dsx: %.elf
#  recipe to execute (from '/opt/devkitpro/devkitARM/3ds_rules', line 36):
	$(SILENTCMD)3dsxtool $< $@ $(_3DSXFLAGS)
	$(SILENTMSG) built ... $(notdir $@)

%.elf:
#  recipe to execute (from '/opt/devkitpro/devkitARM/3ds_rules', line 41):
	$(SILENTMSG) linking $(notdir $@)
	$(SILENTCMD)$(LD) $(LDFLAGS) $(OFILES) $(LIBPATHS) $(LIBS) -o $@
	$(SILENTCMD)$(NM) -CSn $@ > $(notdir $*.lst)

romfs/gfx/%.t3x build/%.h: %.t3s
#  recipe to execute (from 'Makefile', line 236):
	@echo $(notdir $<)
	$(DEVKITPRO)/tools/bin/tex3ds -i $< -H $(BUILD)/$*.h -d $(DEPSDIR)/$*.d -o $(GFXBUILD)/$*.t3x

# 22 implicit rules, 0 (0.0%) terminal.
# Files

# Not a target:
/opt/devkitpro/devkitARM/base_tools:
#  Implicit rule search has been done.
#  Last modified 2020-07-28 04:27:14
#  File has been updated.
#  Successfully updated.

andsend:
#  Implicit rule search has not been done.
#  Modification time never checked.
#  File has not been updated.
#  recipe to execute (from 'Makefile', line 223):
	@make all
	@3dslink -a $(IP) $(TARGET).3dsx

# Not a target:
Makefile:
#  Implicit rule search has been done.
#  Last modified 2022-05-15 00:03:30.1999937
#  File has been updated.
#  Successfully updated.

# Not a target:
/home/Tobi/DevHelper/build:
#  Implicit rule search has not been done.
#  Modification time never checked.
#  File has not been updated.

clean:
#  Phony target (prerequisite of .PHONY).
#  Implicit rule search has not been done.
#  File does not exist.
#  File has not been updated.
#  recipe to execute (from 'Makefile', line 211):
	@echo clean ...
	@rm -fr $(BUILD) $(TARGET).elf $(TARGET).3dsx $(TARGET).cia $(TARGET).smdh app/*.bin 
	@rm -fr $(OUTDIR)

# Not a target:
/opt/devkitpro/devkitARM/base_rules:
#  Implicit rule search has been done.
#  Last modified 2020-07-28 04:27:14
#  File has been updated.
#  Successfully updated.

# Not a target:
/opt/devkitpro/devkitARM/3ds_rules:
#  Implicit rule search has been done.
#  Last modified 2020-07-28 04:27:14
#  File has been updated.
#  Successfully updated.

cia: build
#  Implicit rule search has not been done.
#  Modification time never checked.
#  File has not been updated.
#  recipe to execute (from 'Makefile', line 227):
	@$(MAKE) --no-print-directory -C $(BUILD) -f $(CURDIR)/Makefile cia

# Not a target:
.DEFAULT:
#  Implicit rule search has not been done.
#  Modification time never checked.
#  File has not been updated.

all: build romfs/gfx /home/Tobi/DevHelper/build
#  Phony target (prerequisite of .PHONY).
#  Command line target.
#  Implicit rule search has not been done.
#  File does not exist.
#  File has been updated.
#  Needs to be updated (-q is set).
# variable set hash-table stats:
# Load=0/32=0%, Rehash=0, Collisions=0/3=0%
#  recipe to execute (from 'Makefile', line 207):
	@$(MAKE) --no-print-directory -C $(BUILD) -f $(CURDIR)/Makefile

run:
#  Implicit rule search has not been done.
#  Modification time never checked.
#  File has not been updated.
#  recipe to execute (from 'Makefile', line 220):
	@flatpak run org.citra_emu.citra $(TARGET).3dsx

build:
#  Implicit rule search has not been done.
#  Implicit/static pattern stem: ''
#  File does not exist.
#  File has been updated.
#  Needs to be updated (-q is set).
# automatic
# @ := build
# automatic
# * := 
# automatic
# < := 
# automatic
# + := 
# automatic
# % := 
# automatic
# ^ := 
# automatic
# ? := 
# automatic
# | := 
# variable set hash-table stats:
# Load=8/32=25%, Rehash=0, Collisions=1/13=8%
#  recipe to execute (from 'Makefile', line 241):
	@[ -d $@ ] || mkdir -p $@

# Not a target:
romfs/gfx:
#  Implicit rule search has not been done.
#  Modification time never checked.
#  File has not been updated.

send:
#  Implicit rule search has not been done.
#  Modification time never checked.
#  File has not been updated.
#  recipe to execute (from 'Makefile', line 217):
	@3dslink -a $(IP) $(TARGET).3dsx

3dsx: build
#  Implicit rule search has not been done.
#  Modification time never checked.
#  File has not been updated.
#  recipe to execute (from 'Makefile', line 231):
	@$(MAKE) --no-print-directory -C $(BUILD) -f $(CURDIR)/Makefile 3dsx

.SUFFIXES:
#  Implicit rule search has not been done.
#  Modification time never checked.
#  File has not been updated.

.PHONY: all clean
#  Implicit rule search has not been done.
#  Modification time never checked.
#  File has not been updated.

# files hash-table stats:
# Load=17/1024=2%, Rehash=0, Collisions=0/53=0%
# VPATH Search Paths

# No 'vpath' search paths.

# General ('VPATH' variable) search path:
# /home/Tobi/DevHelper/RenderD7:/home/Tobi/DevHelper/RenderD7/internal:/home/Tobi/DevHelper/RenderD7/external:/home/Tobi/DevHelper/RenderD7/external/tween-engine/include:/home/Tobi/DevHelper/RenderD7/external/tween-engine/include/TweenEngine:/home/Tobi/DevHelper/RenderD7/external/tween-engine/source:/home/Tobi/DevHelper/source:/home/Tobi/DevHelper/source/qr:/home/Tobi/DevHelper/gfx:/home/Tobi/DevHelper/data

# strcache buffers: 1 (0) / strings = 122 / storage = 1634 B / avg = 13 B
# current buf: size = 8162 B / used = 1634 B / count = 122 / avg = 13 B

# strcache performance: lookups = 191 / hit rate = 36%
# hash-table stats:
# Load=122/8192=1%, Rehash=0, Collisions=4/191=2%
# Finished Make data base on Fri May 20 22:24:00 2022

 
